"C:/Users/nerot/git.repo/Unreal Projects/SnakeGame/homewrok20/Content/SnakeGameGameStateBase_BP.uasset" 0
"C:/Users/nerot/git.repo/Unreal Projects/SnakeGame/homewrok20/Content/SnakeGameGameStateBase_BP.uexp" 1
"../../../Engine/Content/VREditor/Sounds/UI/Dockable_Window_Close.uasset" 2
"../../../Engine/Content/VREditor/Sounds/UI/Dockable_Window_Close.uexp" 3
"../../../Engine/Content/MapTemplates/Materials/BasicAsset03.uasset" 4
"../../../Engine/Content/MapTemplates/Materials/BasicAsset03.uexp" 5
"../../../Engine/Content/MapTemplates/Materials/BasicAsset01.uasset" 6
"../../../Engine/Content/MapTemplates/Materials/BasicAsset01.uexp" 7
"../../../Engine/Content/EngineMaterials/T_Default_Material_Grid_N.uasset" 8
"../../../Engine/Content/EngineMaterials/T_Default_Material_Grid_N.uexp" 9
"../../../Engine/Content/EngineMaterials/T_Default_Material_Grid_N.ubulk" 10
"../../../Engine/Content/EngineMaterials/T_Default_Material_Grid_M.uasset" 11
"../../../Engine/Content/EngineMaterials/T_Default_Material_Grid_M.uexp" 12
"../../../Engine/Content/EngineMaterials/T_Default_Material_Grid_M.ubulk" 13
"../../../Engine/Content/Functions/Engine_MaterialFunctions01/Opacity/CameraDepthFade.uasset" 14
"../../../Engine/Content/Functions/Engine_MaterialFunctions01/Opacity/CameraDepthFade.uexp" 15
"../../../Engine/Content/EngineMaterials/WorldGridMaterial.uasset" 16
"../../../Engine/Content/EngineMaterials/WorldGridMaterial.uexp" 17
"../../../Engine/Content/BasicShapes/Cube.uasset" 18
"../../../Engine/Content/BasicShapes/Cube.uexp" 19
"C:/Users/nerot/git.repo/Unreal Projects/SnakeGame/homewrok20/Content/SnakeElementBP.uasset" 20
"C:/Users/nerot/git.repo/Unreal Projects/SnakeGame/homewrok20/Content/SnakeElementBP.uexp" 21
"C:/Users/nerot/git.repo/Unreal Projects/SnakeGame/homewrok20/Content/SnakeBP.uasset" 22
"C:/Users/nerot/git.repo/Unreal Projects/SnakeGame/homewrok20/Content/SnakeBP.uexp" 23
"C:/Users/nerot/git.repo/Unreal Projects/SnakeGame/homewrok20/Content/PlayerPawnBP.uasset" 24
"C:/Users/nerot/git.repo/Unreal Projects/SnakeGame/homewrok20/Content/PlayerPawnBP.uexp" 25
"C:/Users/nerot/git.repo/Unreal Projects/SnakeGame/homewrok20/Content/SnakeGameModeBP.uasset" 26
"C:/Users/nerot/git.repo/Unreal Projects/SnakeGame/homewrok20/Content/SnakeGameModeBP.uexp" 27
"../../../Engine/Content/ArtTools/RenderToTexture/Meshes/S_1_Unit_Plane.uasset" 28
"../../../Engine/Content/ArtTools/RenderToTexture/Meshes/S_1_Unit_Plane.uexp" 29
"../../../Engine/Content/EngineMaterials/DefaultMaterial.uasset" 30
"../../../Engine/Content/EngineMaterials/DefaultMaterial.uexp" 31
"../../../Engine/Content/BasicShapes/Cone.uasset" 32
"../../../Engine/Content/BasicShapes/Cone.uexp" 33
"../../../Engine/Content/BasicShapes/Plane.uasset" 34
"../../../Engine/Content/BasicShapes/Plane.uexp" 35
"../../../Engine/Content/EditorLandscapeResources/DataLayer.uasset" 36
"../../../Engine/Content/EditorLandscapeResources/DataLayer.uexp" 37
"../../../Engine/Content/EditorLandscapeResources/DefaultAlphaTexture.uasset" 38
"../../../Engine/Content/EditorLandscapeResources/DefaultAlphaTexture.uexp" 39
"../../../Engine/Content/EditorMaterials/MAT_Groups_Toggle.uasset" 40
"../../../Engine/Content/EditorMaterials/MAT_Groups_Toggle.uexp" 41
"../../../Engine/Content/EditorMaterials/MAT_Groups_Visibility.uasset" 42
"../../../Engine/Content/EditorMaterials/MAT_Groups_Visibility.uexp" 43
"../../../Engine/Content/EditorMaterials/PreviewShadowIndicator.uasset" 44
"../../../Engine/Content/EditorMaterials/PreviewShadowIndicator.uexp" 45
"../../../Engine/Content/EditorMaterials/PreviewShadowIndicator.ubulk" 46
"../../../Engine/Content/EditorMaterials/PreviewShadowIndicatorMaterial.uasset" 47
"../../../Engine/Content/EditorMaterials/PreviewShadowIndicatorMaterial.uexp" 48
"../../../Engine/Content/EditorMaterials/MatineeGroups/MAT_ColorTrack.uasset" 49
"../../../Engine/Content/EditorMaterials/MatineeGroups/MAT_ColorTrack.uexp" 50
"../../../Engine/Content/EditorMaterials/MatineeGroups/MAT_Groups_Anim.uasset" 51
"../../../Engine/Content/EditorMaterials/MatineeGroups/MAT_Groups_Anim.uexp" 52
"../../../Engine/Content/EditorMaterials/MatineeGroups/MAT_Groups_AudioMaster.uasset" 53
"../../../Engine/Content/EditorMaterials/MatineeGroups/MAT_Groups_AudioMaster.uexp" 54
"../../../Engine/Content/EditorMaterials/MatineeGroups/MAT_Groups_Director.uasset" 55
"../../../Engine/Content/EditorMaterials/MatineeGroups/MAT_Groups_Director.uexp" 56
"../../../Engine/Content/EditorMaterials/MatineeGroups/MAT_Groups_Event.uasset" 57
"../../../Engine/Content/EditorMaterials/MatineeGroups/MAT_Groups_Event.uexp" 58
"../../../Engine/Content/EditorMaterials/MatineeGroups/MAT_Groups_Fade.uasset" 59
"../../../Engine/Content/EditorMaterials/MatineeGroups/MAT_Groups_Fade.uexp" 60
"../../../Engine/Content/EditorMaterials/MatineeGroups/MAT_Groups_Float.uasset" 61
"../../../Engine/Content/EditorMaterials/MatineeGroups/MAT_Groups_Float.uexp" 62
"../../../Engine/Content/EditorMaterials/MatineeGroups/MAT_Groups_Move.uasset" 63
"../../../Engine/Content/EditorMaterials/MatineeGroups/MAT_Groups_Move.uexp" 64
"../../../Engine/Content/EditorMaterials/MatineeGroups/MAT_Groups_Slomo.uasset" 65
"../../../Engine/Content/EditorMaterials/MatineeGroups/MAT_Groups_Slomo.uexp" 66
"../../../Engine/Content/EditorMaterials/MatineeGroups/MAT_Groups_Sound.uasset" 67
"../../../Engine/Content/EditorMaterials/MatineeGroups/MAT_Groups_Sound.uexp" 68
"../../../Engine/Content/EditorMaterials/MatineeGroups/MAT_Groups_Vector.uasset" 69
"../../../Engine/Content/EditorMaterials/MatineeGroups/MAT_Groups_Vector.uexp" 70
"../../../Engine/Content/EditorMaterials/ParticleSystems/PSysThumbnail_NoImage.uasset" 71
"../../../Engine/Content/EditorMaterials/ParticleSystems/PSysThumbnail_NoImage.uexp" 72
"../../../Engine/Content/EditorMaterials/ParticleSystems/PSysThumbnail_NoImage.ubulk" 73
"../../../Engine/Content/EditorMaterials/ParticleSystems/PSysThumbnail_OOD.uasset" 74
"../../../Engine/Content/EditorMaterials/ParticleSystems/PSysThumbnail_OOD.uexp" 75
"../../../Engine/Content/EditorMaterials/ParticleSystems/PSysThumbnail_OOD.ubulk" 76
"../../../Engine/Content/EditorMaterials/Camera/CineMat.uasset" 77
"../../../Engine/Content/EditorMaterials/Camera/CineMat.uexp" 78
"../../../Engine/Content/EditorMaterials/Camera/MI_CineMat_Rig.uasset" 79
"../../../Engine/Content/EditorMaterials/Camera/MI_CineMat_Rig.uexp" 80
"../../../Engine/Content/EditorMeshes/Camera/SM_CraneRig_Arm.uasset" 81
"../../../Engine/Content/EditorMeshes/Camera/SM_CraneRig_Arm.uexp" 82
"../../../Engine/Content/EditorMeshes/Camera/SM_CraneRig_Base.uasset" 83
"../../../Engine/Content/EditorMeshes/Camera/SM_CraneRig_Base.uexp" 84
"../../../Engine/Content/EditorMeshes/Camera/SM_CraneRig_Body.uasset" 85
"../../../Engine/Content/EditorMeshes/Camera/SM_CraneRig_Body.uexp" 86
"../../../Engine/Content/EditorMeshes/Camera/SM_CraneRig_Mount.uasset" 87
"../../../Engine/Content/EditorMeshes/Camera/SM_CraneRig_Mount.uexp" 88
"../../../Engine/Content/EditorMeshes/Camera/SM_RailRig_Mount.uasset" 89
"../../../Engine/Content/EditorMeshes/Camera/SM_RailRig_Mount.uexp" 90
"../../../Engine/Content/EditorMeshes/Camera/SM_RailRig_Track.uasset" 91
"../../../Engine/Content/EditorMeshes/Camera/SM_RailRig_Track.uexp" 92
"../../../Engine/Content/EditorResources/BSPVertex.uasset" 93
"../../../Engine/Content/EditorResources/BSPVertex.uexp" 94
"../../../Engine/Content/EditorResources/EmptyActor.uasset" 95
"../../../Engine/Content/EditorResources/EmptyActor.uexp" 96
"../../../Engine/Content/EditorResources/S_Actor.uasset" 97
"../../../Engine/Content/EditorResources/S_Actor.uexp" 98
"../../../Engine/Content/EditorResources/S_Actor.ubulk" 99
"../../../Engine/Content/EditorResources/S_Note.uasset" 100
"../../../Engine/Content/EditorResources/S_Note.uexp" 101
"../../../Engine/Content/EditorResources/S_Note.ubulk" 102
"../../../Engine/Content/EditorResources/S_Solver.uasset" 103
"../../../Engine/Content/EditorResources/S_Solver.uexp" 104
"../../../Engine/Content/EditorResources/S_Solver.ubulk" 105
"../../../Engine/Content/EditorResources/S_Terrain.uasset" 106
"../../../Engine/Content/EditorResources/S_Terrain.uexp" 107
"../../../Engine/Content/EditorResources/S_Terrain.ubulk" 108
"../../../Engine/Content/EditorResources/S_Trigger.uasset" 109
"../../../Engine/Content/EditorResources/S_Trigger.uexp" 110
"../../../Engine/Content/EditorResources/S_Trigger.ubulk" 111
"../../../Engine/Content/EditorResources/LightIcons/S_LightError.uasset" 112
"../../../Engine/Content/EditorResources/LightIcons/S_LightError.uexp" 113
"../../../Engine/Content/EditorResources/SequenceRecorder/Countdown.uasset" 114
"../../../Engine/Content/EditorResources/SequenceRecorder/Countdown.uexp" 115
"../../../Engine/Content/EditorResources/SequenceRecorder/RecordingIndicator.uasset" 116
"../../../Engine/Content/EditorResources/SequenceRecorder/RecordingIndicator.uexp" 117
"../../../Engine/Content/EngineDamageTypes/DmgTypeBP_Environmental.uasset" 118
"../../../Engine/Content/EngineDamageTypes/DmgTypeBP_Environmental.uexp" 119
"../../../Engine/Content/EngineDebugMaterials/DebugEditorMaterial.uasset" 120
"../../../Engine/Content/EngineDebugMaterials/DebugEditorMaterial.uexp" 121
"../../../Engine/Content/EngineDebugMaterials/DebugMeshMaterial.uasset" 122
"../../../Engine/Content/EngineDebugMaterials/DebugMeshMaterial.uexp" 123
"../../../Engine/Content/EngineDebugMaterials/M_SimpleUnlitTranslucent.uasset" 124
"../../../Engine/Content/EngineDebugMaterials/M_SimpleUnlitTranslucent.uexp" 125
"../../../Engine/Content/EngineDebugMaterials/VolumeToRender.uasset" 126
"../../../Engine/Content/EngineDebugMaterials/VolumeToRender.uexp" 127
"../../../Engine/Content/Functions/Engine_MaterialFunctions02/Utility/CameraDirectionVector.uasset" 128
"../../../Engine/Content/Functions/Engine_MaterialFunctions02/Utility/CameraDirectionVector.uexp" 129
"../../../Engine/Content/EngineDebugMaterials/M_VolumeRenderSphereTracePP.uasset" 130
"../../../Engine/Content/EngineDebugMaterials/M_VolumeRenderSphereTracePP.uexp" 131
"../../../Engine/Content/Functions/Engine_MaterialFunctions01/Shading/ConvertFromDiffSpec.uasset" 132
"../../../Engine/Content/Functions/Engine_MaterialFunctions01/Shading/ConvertFromDiffSpec.uexp" 133
"../../../Engine/Content/EngineDebugMaterials/VertexColorMaterial.uasset" 134
"../../../Engine/Content/EngineDebugMaterials/VertexColorMaterial.uexp" 135
"../../../Engine/Content/EngineDebugMaterials/WireframeMaterial.uasset" 136
"../../../Engine/Content/EngineDebugMaterials/WireframeMaterial.uexp" 137
"../../../Engine/Content/EngineFonts/Faces/RobotoRegular.uasset" 138
"../../../Engine/Content/EngineFonts/Faces/RobotoRegular.uexp" 139
"../../../Engine/Content/EngineFonts/Faces/RobotoRegular.ufont" 140
"../../../Engine/Content/EngineFonts/Faces/RobotoLight.uasset" 141
"../../../Engine/Content/EngineFonts/Faces/RobotoLight.uexp" 142
"../../../Engine/Content/EngineFonts/Faces/RobotoLight.ufont" 143
"../../../Engine/Content/EngineFonts/Faces/RobotoItalic.uasset" 144
"../../../Engine/Content/EngineFonts/Faces/RobotoItalic.uexp" 145
"../../../Engine/Content/EngineFonts/Faces/RobotoItalic.ufont" 146
"../../../Engine/Content/EngineFonts/Faces/RobotoBoldItalic.uasset" 147
"../../../Engine/Content/EngineFonts/Faces/RobotoBoldItalic.uexp" 148
"../../../Engine/Content/EngineFonts/Faces/RobotoBoldItalic.ufont" 149
"../../../Engine/Content/EngineFonts/Faces/RobotoBold.uasset" 150
"../../../Engine/Content/EngineFonts/Faces/RobotoBold.uexp" 151
"../../../Engine/Content/EngineFonts/Faces/RobotoBold.ufont" 152
"../../../Engine/Content/EngineFonts/Faces/DroidSansFallback.uasset" 153
"../../../Engine/Content/EngineFonts/Faces/DroidSansFallback.uexp" 154
"../../../Engine/Content/EngineFonts/Faces/DroidSansFallback.ufont" 155
"../../../Engine/Content/EngineFonts/Roboto.uasset" 156
"../../../Engine/Content/EngineFonts/Roboto.uexp" 157
"../../../Engine/Content/EngineMaterials/BaseFlattenNormalMap.uasset" 158
"../../../Engine/Content/EngineMaterials/BaseFlattenNormalMap.uexp" 159
"../../../Engine/Content/EngineMaterials/BaseFlattenGrayscaleMap.uasset" 160
"../../../Engine/Content/EngineMaterials/BaseFlattenGrayscaleMap.uexp" 161
"../../../Engine/Content/EngineMaterials/BaseFlattenEmissiveMap.uasset" 162
"../../../Engine/Content/EngineMaterials/BaseFlattenEmissiveMap.uexp" 163
"../../../Engine/Content/EngineMaterials/BaseFlattenDiffuseMap.uasset" 164
"../../../Engine/Content/EngineMaterials/BaseFlattenDiffuseMap.uexp" 165
"../../../Engine/Content/EngineMaterials/BaseFlattenMaterial.uasset" 166
"../../../Engine/Content/EngineMaterials/BaseFlattenMaterial.uexp" 167
"../../../Engine/Content/EngineMaterials/BlueNoise.uasset" 168
"../../../Engine/Content/EngineMaterials/BlueNoise.uexp" 169
"../../../Engine/Content/EngineMaterials/DefaultBloomKernel.uasset" 170
"../../../Engine/Content/EngineMaterials/DefaultBloomKernel.uexp" 171
"../../../Engine/Content/EngineMaterials/DefaultBokeh.uasset" 172
"../../../Engine/Content/EngineMaterials/DefaultBokeh.uexp" 173
"../../../Engine/Content/EngineMaterials/DefaultDiffuse.uasset" 174
"../../../Engine/Content/EngineMaterials/DefaultDiffuse.uexp" 175
"../../../Engine/Content/EngineMaterials/DefaultDiffuse.ubulk" 176
"../../../Engine/Content/EngineMaterials/DefaultDeferredDecalMaterial.uasset" 177
"../../../Engine/Content/EngineMaterials/DefaultDeferredDecalMaterial.uexp" 178
"../../../Engine/Content/EngineMaterials/DefaultLightFunctionMaterial.uasset" 179
"../../../Engine/Content/EngineMaterials/DefaultLightFunctionMaterial.uexp" 180
"../../../Engine/Content/EngineMaterials/DefaultPhysicalMaterial.uasset" 181
"../../../Engine/Content/EngineMaterials/DefaultPhysicalMaterial.uexp" 182
"../../../Engine/Content/Functions/Engine_MaterialFunctions02/Utility/BreakOutFloat2Components.uasset" 183
"../../../Engine/Content/Functions/Engine_MaterialFunctions02/Utility/BreakOutFloat2Components.uexp" 184
"../../../Engine/Content/EngineMaterials/DefaultPostProcessMaterial.uasset" 185
"../../../Engine/Content/EngineMaterials/DefaultPostProcessMaterial.uexp" 186
"../../../Engine/Content/EngineFonts/RobotoDistanceField.uasset" 187
"../../../Engine/Content/EngineFonts/RobotoDistanceField.uexp" 188
"../../../Engine/Content/EngineMaterials/DefaultTextMaterialOpaque.uasset" 189
"../../../Engine/Content/EngineMaterials/DefaultTextMaterialOpaque.uexp" 190
"../../../Engine/Content/EngineMaterials/DefaultWhiteGrid.uasset" 191
"../../../Engine/Content/EngineMaterials/DefaultWhiteGrid.uexp" 192
"../../../Engine/Content/EngineMaterials/DefaultWhiteGrid.ubulk" 193
"../../../Engine/Content/EngineMaterials/DefaultWhiteGrid_Low.uasset" 194
"../../../Engine/Content/EngineMaterials/DefaultWhiteGrid_Low.uexp" 195
"../../../Engine/Content/EngineMaterials/EmissiveMeshMaterial.uasset" 196
"../../../Engine/Content/EngineMaterials/EmissiveMeshMaterial.uexp" 197
"../../../Engine/Content/EngineMaterials/GizmoMaterial.uasset" 198
"../../../Engine/Content/EngineMaterials/GizmoMaterial.uexp" 199
"../../../Engine/Content/EngineMaterials/Good64x64TilingNoiseHighFreq.uasset" 200
"../../../Engine/Content/EngineMaterials/Good64x64TilingNoiseHighFreq.uexp" 201
"../../../Engine/Content/EngineMaterials/MiniFont.uasset" 202
"../../../Engine/Content/EngineMaterials/MiniFont.uexp" 203
"../../../Engine/Content/EngineMaterials/InvalidLightmapSettings.uasset" 204
"../../../Engine/Content/EngineMaterials/InvalidLightmapSettings.uexp" 205
"../../../Engine/Content/EngineMaterials/InvalidLightmapSettings.ubulk" 206
"../../../Engine/Content/EngineMaterials/M_InvalidLightmapSettings.uasset" 207
"../../../Engine/Content/EngineMaterials/M_InvalidLightmapSettings.uexp" 208
"../../../Engine/Content/Functions/Engine_MaterialFunctions02/WorldPositionOffset/CameraOffset.uasset" 209
"../../../Engine/Content/Functions/Engine_MaterialFunctions02/WorldPositionOffset/CameraOffset.uexp" 210
"../../../Engine/Content/EngineMaterials/PhAT_JointLimitMaterial.uasset" 211
"../../../Engine/Content/EngineMaterials/PhAT_JointLimitMaterial.uexp" 212
"../../../Engine/Content/EngineMaterials/DefaultCalibrationColor.uasset" 213
"../../../Engine/Content/EngineMaterials/DefaultCalibrationColor.uexp" 214
"../../../Engine/Content/EngineMaterials/PPM_DefaultCalibrationColor.uasset" 215
"../../../Engine/Content/EngineMaterials/PPM_DefaultCalibrationColor.uexp" 216
"../../../Engine/Content/EngineMaterials/DefaultCalibrationGrayscale.uasset" 217
"../../../Engine/Content/EngineMaterials/DefaultCalibrationGrayscale.uexp" 218
"../../../Engine/Content/EngineMaterials/PPM_DefaultCalibrationGrayscale.uasset" 219
"../../../Engine/Content/EngineMaterials/PPM_DefaultCalibrationGrayscale.uexp" 220
"../../../Engine/Content/EngineMaterials/PreintegratedSkinBRDF.uasset" 221
"../../../Engine/Content/EngineMaterials/PreintegratedSkinBRDF.uexp" 222
"../../../Engine/Content/EngineMaterials/RemoveSurfaceMaterial.uasset" 223
"../../../Engine/Content/EngineMaterials/RemoveSurfaceMaterial.uexp" 224
"../../../Engine/Content/EngineMaterials/WeightMapPlaceholderTexture.uasset" 225
"../../../Engine/Content/EngineMaterials/WeightMapPlaceholderTexture.uexp" 226
"../../../Engine/Content/EngineResources/WhiteSquareTexture.uasset" 227
"../../../Engine/Content/EngineResources/WhiteSquareTexture.uexp" 228
"../../../Engine/Content/EngineMaterials/Widget3DPassThrough.uasset" 229
"../../../Engine/Content/EngineMaterials/Widget3DPassThrough.uexp" 230
"../../../Engine/Content/EngineMaterials/Widget3DPassThrough_Masked.uasset" 231
"../../../Engine/Content/EngineMaterials/Widget3DPassThrough_Masked.uexp" 232
"../../../Engine/Content/EngineMaterials/Widget3DPassThrough_Opaque.uasset" 233
"../../../Engine/Content/EngineMaterials/Widget3DPassThrough_Opaque.uexp" 234
"../../../Engine/Content/EngineMaterials/Widget3DPassThrough_Masked_OneSided.uasset" 235
"../../../Engine/Content/EngineMaterials/Widget3DPassThrough_Masked_OneSided.uexp" 236
"../../../Engine/Content/EngineMaterials/Widget3DPassThrough_Opaque_OneSided.uasset" 237
"../../../Engine/Content/EngineMaterials/Widget3DPassThrough_Opaque_OneSided.uexp" 238
"../../../Engine/Content/EngineMaterials/Widget3DPassThrough_Translucent.uasset" 239
"../../../Engine/Content/EngineMaterials/Widget3DPassThrough_Translucent.uexp" 240
"../../../Engine/Content/EngineMaterials/Widget3DPassThrough_Translucent_OneSided.uasset" 241
"../../../Engine/Content/EngineMaterials/Widget3DPassThrough_Translucent_OneSided.uexp" 242
"../../../Engine/Content/EngineMeshes/Cylinder.uasset" 243
"../../../Engine/Content/EngineMeshes/Cylinder.uexp" 244
"../../../Engine/Content/EngineMeshes/Sphere.uasset" 245
"../../../Engine/Content/EngineMeshes/Sphere.uexp" 246
"../../../Engine/Content/EngineResources/DefaultTexture.uasset" 247
"../../../Engine/Content/EngineResources/DefaultTexture.uexp" 248
"../../../Engine/Content/EngineResources/DefaultTexture.ubulk" 249
"../../../Engine/Content/EngineResources/DefaultTextureCube.uasset" 250
"../../../Engine/Content/EngineResources/DefaultTextureCube.uexp" 251
"../../../Engine/Content/EngineResources/DefaultVolumeTexture2D.uasset" 252
"../../../Engine/Content/EngineResources/DefaultVolumeTexture2D.uexp" 253
"../../../Engine/Content/EngineResources/DefaultVolumeTexture.uasset" 254
"../../../Engine/Content/EngineResources/DefaultVolumeTexture.uexp" 255
"../../../Engine/Content/EngineResources/GradientTexture0.uasset" 256
"../../../Engine/Content/EngineResources/GradientTexture0.uexp" 257
"../../../Engine/Content/EngineSky/VolumetricClouds/T_NoiseShape64.uasset" 258
"../../../Engine/Content/EngineSky/VolumetricClouds/T_NoiseShape64.uexp" 259
"../../../Engine/Content/EngineSky/VolumetricClouds/T_NoiseShape64.ubulk" 260
"../../../Engine/Content/EngineSky/VolumetricClouds/T_VolumeNoiseShape64.uasset" 261
"../../../Engine/Content/EngineSky/VolumetricClouds/T_VolumeNoiseShape64.uexp" 262
"../../../Engine/Content/EngineSky/VolumetricClouds/T_NoiseErosion.uasset" 263
"../../../Engine/Content/EngineSky/VolumetricClouds/T_NoiseErosion.uexp" 264
"../../../Engine/Content/EngineSky/VolumetricClouds/T_NoiseErosion.ubulk" 265
"../../../Engine/Content/EngineSky/VolumetricClouds/T_VolumeNoiseErosion32.uasset" 266
"../../../Engine/Content/EngineSky/VolumetricClouds/T_VolumeNoiseErosion32.uexp" 267
"../../../Engine/Content/EngineSky/VolumetricClouds/CloudWeatherTexture.uasset" 268
"../../../Engine/Content/EngineSky/VolumetricClouds/CloudWeatherTexture.uexp" 269
"../../../Engine/Content/EngineSky/VolumetricClouds/CloudGradientTexture.uasset" 270
"../../../Engine/Content/EngineSky/VolumetricClouds/CloudGradientTexture.uexp" 271
"../../../Engine/Content/Functions/Engine_MaterialFunctions02/Utility/MakeFloat2.uasset" 272
"../../../Engine/Content/Functions/Engine_MaterialFunctions02/Utility/MakeFloat2.uexp" 273
"../../../Engine/Content/EngineSky/VolumetricClouds/m_SimpleVolumetricCloud.uasset" 274
"../../../Engine/Content/EngineSky/VolumetricClouds/m_SimpleVolumetricCloud.uexp" 275
"../../../Engine/Content/EngineSky/VolumetricClouds/m_SimpleVolumetricCloud_Inst.uasset" 276
"../../../Engine/Content/EngineSky/VolumetricClouds/m_SimpleVolumetricCloud_Inst.uexp" 277
"../../../Engine/Content/EngineSounds/Master.uasset" 278
"../../../Engine/Content/EngineSounds/Master.uexp" 279
"../../../Engine/Content/Functions/Engine_MaterialFunctions01/Shading/PowerToRoughness.uasset" 280
"../../../Engine/Content/Functions/Engine_MaterialFunctions01/Shading/PowerToRoughness.uexp" 281
"../../../Engine/Content/Maps/Templates/Thumbnails/Default.uasset" 282
"../../../Engine/Content/Maps/Templates/Thumbnails/Default.uexp" 283
"../../../Engine/Content/Maps/Templates/Thumbnails/TimeOfDay.uasset" 284
"../../../Engine/Content/Maps/Templates/Thumbnails/TimeOfDay.uexp" 285
"../../../Engine/Content/Maps/Templates/Thumbnails/VR-Basic.uasset" 286
"../../../Engine/Content/Maps/Templates/Thumbnails/VR-Basic.uexp" 287
"../../../Engine/Content/MobileResources/T_MobileControls_texture.uasset" 288
"../../../Engine/Content/MobileResources/T_MobileControls_texture.uexp" 289
"../../../Engine/Content/MobileResources/T_MobileMenu2.uasset" 290
"../../../Engine/Content/MobileResources/T_MobileMenu2.uexp" 291
"../../../Engine/Content/MobileResources/HUD/AnalogHat.uasset" 292
"../../../Engine/Content/MobileResources/HUD/AnalogHat.uexp" 293
"../../../Engine/Content/MobileResources/HUD/VirtualJoystick_Thumb.uasset" 294
"../../../Engine/Content/MobileResources/HUD/VirtualJoystick_Thumb.uexp" 295
"../../../Engine/Content/MobileResources/HUD/VirtualJoystick_Background.uasset" 296
"../../../Engine/Content/MobileResources/HUD/VirtualJoystick_Background.uexp" 297
"../../../Engine/Content/MobileResources/HUD/DefaultVirtualJoysticks.uasset" 298
"../../../Engine/Content/MobileResources/HUD/DefaultVirtualJoysticks.uexp" 299
"../../../Engine/Content/MobileResources/HUD/LeftVirtualJoystickOnly.uasset" 300
"../../../Engine/Content/MobileResources/HUD/LeftVirtualJoystickOnly.uexp" 301
"../../../Engine/Content/MobileResources/HUD/MobileHUDButton1_off.uasset" 302
"../../../Engine/Content/MobileResources/HUD/MobileHUDButton1_off.uexp" 303
"../../../Engine/Content/MobileResources/HUD/MobileHUDButton1_on.uasset" 304
"../../../Engine/Content/MobileResources/HUD/MobileHUDButton1_on.uexp" 305
"../../../Engine/Content/MobileResources/HUD/MobileHUDButton2_off.uasset" 306
"../../../Engine/Content/MobileResources/HUD/MobileHUDButton2_off.uexp" 307
"../../../Engine/Content/MobileResources/HUD/MobileHUDButton2_on.uasset" 308
"../../../Engine/Content/MobileResources/HUD/MobileHUDButton2_on.uexp" 309
"../../../Engine/Content/MobileResources/HUD/MobileHUDButton3.uasset" 310
"../../../Engine/Content/MobileResources/HUD/MobileHUDButton3.uexp" 311
"../../../Engine/Content/MobileResources/HUD/MobileHUDButtonFire.uasset" 312
"../../../Engine/Content/MobileResources/HUD/MobileHUDButtonFire.uexp" 313
"../../../Engine/Content/MobileResources/HUD/MobileHUDDirectionPad.uasset" 314
"../../../Engine/Content/MobileResources/HUD/MobileHUDDirectionPad.uexp" 315
"../../../Engine/Content/MobileResources/HUD/MobileHUDDirectionPad2.uasset" 316
"../../../Engine/Content/MobileResources/HUD/MobileHUDDirectionPad2.uexp" 317
"../../../Engine/Content/MobileResources/HUD/MobileHUDDirectionPad3.uasset" 318
"../../../Engine/Content/MobileResources/HUD/MobileHUDDirectionPad3.uexp" 319
"../../../Engine/Content/MobileResources/HUD/MobileHUDDirectionStick.uasset" 320
"../../../Engine/Content/MobileResources/HUD/MobileHUDDirectionStick.uexp" 321
"../../../Engine/Content/MobileResources/HUD/T_Castle_ThumbstickInner.uasset" 322
"../../../Engine/Content/MobileResources/HUD/T_Castle_ThumbstickInner.uexp" 323
"../../../Engine/Content/MobileResources/HUD/T_Castle_ThumbstickOutter.uasset" 324
"../../../Engine/Content/MobileResources/HUD/T_Castle_ThumbstickOutter.uexp" 325
"../../../Engine/Content/Tutorial/ContentIntroCurve.uasset" 326
"../../../Engine/Content/Tutorial/ContentIntroCurve.uexp" 327
"../../../Engine/Content/Tutorial/Basics/TutorialAssets/icon_tab_Levels_40x.uasset" 328
"../../../Engine/Content/Tutorial/Basics/TutorialAssets/icon_tab_Levels_40x.uexp" 329
"../../../Engine/Content/Tutorial/BlueprintTutorials/TutorialAssets/Blueprint_64x.uasset" 330
"../../../Engine/Content/Tutorial/BlueprintTutorials/TutorialAssets/Blueprint_64x.uexp" 331
"../../../Engine/Content/VREditor/TransformGizmo/TranslucentTransformGizmoMaterial.uasset" 332
"../../../Engine/Content/VREditor/TransformGizmo/TranslucentTransformGizmoMaterial.uexp" 333
"../../../Engine/Content/VREditor/LaserPointer/VR_LaserPower_01.uasset" 334
"../../../Engine/Content/VREditor/LaserPointer/VR_LaserPower_01.uexp" 335
"../../../Engine/Content/VREditor/LaserPointer/VR_LaserPower_01.ubulk" 336
"../../../Engine/Content/VREditor/TransformGizmo/TransformGizmoMaterial.uasset" 337
"../../../Engine/Content/VREditor/TransformGizmo/TransformGizmoMaterial.uexp" 338
"../../../Engine/Content/VREditor/TransformGizmo/BoundingBoxCorner.uasset" 339
"../../../Engine/Content/VREditor/TransformGizmo/BoundingBoxCorner.uexp" 340
"../../../Engine/Content/VREditor/TransformGizmo/BoundingBoxEdge.uasset" 341
"../../../Engine/Content/VREditor/TransformGizmo/BoundingBoxEdge.uexp" 342
"../../../Engine/Content/VREditor/TransformGizmo/PlaneTranslationHandle.uasset" 343
"../../../Engine/Content/VREditor/TransformGizmo/PlaneTranslationHandle.uexp" 344
"../../../Engine/Content/VREditor/TransformGizmo/Xray.uasset" 345
"../../../Engine/Content/VREditor/TransformGizmo/Xray.uexp" 346
"../../../Engine/Content/VREditor/TransformGizmo/Main.uasset" 347
"../../../Engine/Content/VREditor/TransformGizmo/Main.uexp" 348
"../../../Engine/Content/VREditor/TransformGizmo/SM_Sequencer_Key.uasset" 349
"../../../Engine/Content/VREditor/TransformGizmo/SM_Sequencer_Key.uexp" 350
"../../../Engine/Content/VREditor/TransformGizmo/SM_Sequencer_Node.uasset" 351
"../../../Engine/Content/VREditor/TransformGizmo/SM_Sequencer_Node.uexp" 352
"../../../Engine/Plugins/2D/Paper2D/Content/PlaceholderTextures/DummySpriteTexture.uasset" 353
"../../../Engine/Plugins/2D/Paper2D/Content/PlaceholderTextures/DummySpriteTexture.uexp" 354
"../../../Engine/Plugins/2D/Paper2D/Content/PlaceholderTextures/DummySpriteTexture.ubulk" 355
"../../../Engine/Plugins/2D/Paper2D/Content/DummySprite.uasset" 356
"../../../Engine/Plugins/2D/Paper2D/Content/DummySprite.uexp" 357
"../../../Engine/Plugins/2D/Paper2D/Content/DefaultPaperTerrainMaterial.uasset" 358
"../../../Engine/Plugins/2D/Paper2D/Content/DefaultPaperTerrainMaterial.uexp" 359
"../../../Engine/Plugins/2D/Paper2D/Content/DefaultSpriteMaterial.uasset" 360
"../../../Engine/Plugins/2D/Paper2D/Content/DefaultSpriteMaterial.uexp" 361
"../../../Engine/Plugins/2D/Paper2D/Content/MaskedUnlitSpriteMaterial.uasset" 362
"../../../Engine/Plugins/2D/Paper2D/Content/MaskedUnlitSpriteMaterial.uexp" 363
"../../../Engine/Plugins/2D/Paper2D/Content/OpaqueUnlitSpriteMaterial.uasset" 364
"../../../Engine/Plugins/2D/Paper2D/Content/OpaqueUnlitSpriteMaterial.uexp" 365
"../../../Engine/Content/Functions/Engine_MaterialFunctions02/Utility/BreakOutFloat3Components.uasset" 366
"../../../Engine/Content/Functions/Engine_MaterialFunctions02/Utility/BreakOutFloat3Components.uexp" 367
"../../../Engine/Plugins/Editor/SpeedTreeImporter/Content/SpeedTree9/UnpackInteger3.uasset" 368
"../../../Engine/Plugins/Editor/SpeedTreeImporter/Content/SpeedTree9/UnpackInteger3.uexp" 369
"../../../Engine/Plugins/Editor/SpeedTreeImporter/Content/SpeedTree9/UnpackDirection.uasset" 370
"../../../Engine/Plugins/Editor/SpeedTreeImporter/Content/SpeedTree9/UnpackDirection.uexp" 371
"../../../Engine/Plugins/Editor/SpeedTreeImporter/Content/SpeedTree9/game_wind_noise.uasset" 372
"../../../Engine/Plugins/Editor/SpeedTreeImporter/Content/SpeedTree9/game_wind_noise.uexp" 373
"../../../Engine/Plugins/Editor/SpeedTreeImporter/Content/SpeedTree9/game_wind_noise.ubulk" 374
"../../../Engine/Content/Functions/Engine_MaterialFunctions02/SafeNormalize.uasset" 375
"../../../Engine/Content/Functions/Engine_MaterialFunctions02/SafeNormalize.uexp" 376
"../../../Engine/Plugins/Editor/SpeedTreeImporter/Content/SpeedTree9/SpeedTreeWindMotion.uasset" 377
"../../../Engine/Plugins/Editor/SpeedTreeImporter/Content/SpeedTree9/SpeedTreeWindMotion.uexp" 378
"../../../Engine/Plugins/Editor/SpeedTreeImporter/Content/SpeedTree9/SpeedTreeBranchMotion.uasset" 379
"../../../Engine/Plugins/Editor/SpeedTreeImporter/Content/SpeedTree9/SpeedTreeBranchMotion.uexp" 380
"../../../Engine/Content/Functions/Engine_MaterialFunctions02/ObjectLocalBounds.uasset" 381
"../../../Engine/Content/Functions/Engine_MaterialFunctions02/ObjectLocalBounds.uexp" 382
"../../../Engine/Content/Functions/Engine_MaterialFunctions02/UVs/BoundingBoxBased_0-1_UVW.uasset" 383
"../../../Engine/Content/Functions/Engine_MaterialFunctions02/UVs/BoundingBoxBased_0-1_UVW.uexp" 384
"../../../Engine/Content/Functions/Engine_MaterialFunctions02/Utility/VectorLength.uasset" 385
"../../../Engine/Content/Functions/Engine_MaterialFunctions02/Utility/VectorLength.uexp" 386
"../../../Engine/Content/Functions/Engine_MaterialFunctions02/WorldPositionOffset/ObjectScale.uasset" 387
"../../../Engine/Content/Functions/Engine_MaterialFunctions02/WorldPositionOffset/ObjectScale.uexp" 388
"../../../Engine/Plugins/Editor/SpeedTreeImporter/Content/SpeedTree9/SpeedTreeWind.uasset" 389
"../../../Engine/Plugins/Editor/SpeedTreeImporter/Content/SpeedTree9/SpeedTreeWind.uexp" 390
"../../../Engine/Plugins/Editor/SpeedTreeImporter/Content/SpeedTree9/SpeedTreeBillboard.uasset" 391
"../../../Engine/Plugins/Editor/SpeedTreeImporter/Content/SpeedTree9/SpeedTreeBillboard.uexp" 392
"../../../Engine/Plugins/Editor/SpeedTreeImporter/Content/SpeedTree9/EmptyNormal.uasset" 393
"../../../Engine/Plugins/Editor/SpeedTreeImporter/Content/SpeedTree9/EmptyNormal.uexp" 394
"../../../Engine/Plugins/Editor/SpeedTreeImporter/Content/SpeedTree9/Empty.uasset" 395
"../../../Engine/Plugins/Editor/SpeedTreeImporter/Content/SpeedTree9/Empty.uexp" 396
"../../../Engine/Plugins/Editor/SpeedTreeImporter/Content/SpeedTree9/SpeedTreeBillboardMaster.uasset" 397
"../../../Engine/Plugins/Editor/SpeedTreeImporter/Content/SpeedTree9/SpeedTreeBillboardMaster.uexp" 398
"../../../Engine/Plugins/Editor/SpeedTreeImporter/Content/SpeedTree9/SpeedTreeCameraFacing.uasset" 399
"../../../Engine/Plugins/Editor/SpeedTreeImporter/Content/SpeedTree9/SpeedTreeCameraFacing.uexp" 400
"../../../Engine/Plugins/Editor/SpeedTreeImporter/Content/SpeedTree9/SpeedTreeMaster.uasset" 401
"../../../Engine/Plugins/Editor/SpeedTreeImporter/Content/SpeedTree9/SpeedTreeMaster.uexp" 402
"../../../Engine/Content/BasicShapes/Cylinder.uasset" 403
"../../../Engine/Content/BasicShapes/Cylinder.uexp" 404
"../../../Engine/Content/ArtTools/RenderToTexture/Materials/Debug/M_Emissive_Color.uasset" 405
"../../../Engine/Content/ArtTools/RenderToTexture/Materials/Debug/M_Emissive_Color.uexp" 406
"../../../Engine/Plugins/Lumin/MagicLeapPassableWorld/Content/MagicLeapARPinInfoActor.uasset" 407
"../../../Engine/Plugins/Lumin/MagicLeapPassableWorld/Content/MagicLeapARPinInfoActor.uexp" 408
"../../../Engine/Plugins/Runtime/OpenXR/Content/Devices/GoogleDaydream/MRTexture.uasset" 409
"../../../Engine/Plugins/Runtime/OpenXR/Content/Devices/GoogleDaydream/MRTexture.uexp" 410
"../../../Engine/Plugins/Runtime/OpenXR/Content/Devices/GoogleDaydream/MRTexture.ubulk" 411
"../../../Engine/Plugins/Runtime/OpenXR/Content/Devices/GoogleDaydream/BaseTexture.uasset" 412
"../../../Engine/Plugins/Runtime/OpenXR/Content/Devices/GoogleDaydream/BaseTexture.uexp" 413
"../../../Engine/Plugins/Runtime/OpenXR/Content/Devices/GoogleDaydream/BaseTexture.ubulk" 414
"../../../Engine/Content/EngineResources/Black.uasset" 415
"../../../Engine/Content/EngineResources/Black.uexp" 416
"../../../Engine/Plugins/Runtime/OpenXR/Content/Devices/M_XRController.uasset" 417
"../../../Engine/Plugins/Runtime/OpenXR/Content/Devices/M_XRController.uexp" 418
"../../../Engine/Plugins/Runtime/OpenXR/Content/Devices/GoogleDaydream/MI_GoogleDaydream.uasset" 419
"../../../Engine/Plugins/Runtime/OpenXR/Content/Devices/GoogleDaydream/MI_GoogleDaydream.uexp" 420
"../../../Engine/Plugins/Runtime/OpenXR/Content/Devices/GoogleDaydream/GoogleDaydreamController.uasset" 421
"../../../Engine/Plugins/Runtime/OpenXR/Content/Devices/GoogleDaydream/GoogleDaydreamController.uexp" 422
"../../../Engine/Plugins/Runtime/OpenXR/Content/Devices/HTCVive/BaseTexture.uasset" 423
"../../../Engine/Plugins/Runtime/OpenXR/Content/Devices/HTCVive/BaseTexture.uexp" 424
"../../../Engine/Plugins/Runtime/OpenXR/Content/Devices/HTCVive/BaseTexture.ubulk" 425
"../../../Engine/Plugins/Runtime/OpenXR/Content/Devices/HTCVive/MI_HTCVive.uasset" 426
"../../../Engine/Plugins/Runtime/OpenXR/Content/Devices/HTCVive/MI_HTCVive.uexp" 427
"../../../Engine/Plugins/Runtime/OpenXR/Content/Devices/HTCVive/HTCViveController.uasset" 428
"../../../Engine/Plugins/Runtime/OpenXR/Content/Devices/HTCVive/HTCViveController.uexp" 429
"../../../Engine/Plugins/Runtime/OpenXR/Content/Devices/MicrosoftMixedReality/NormalTexture.uasset" 430
"../../../Engine/Plugins/Runtime/OpenXR/Content/Devices/MicrosoftMixedReality/NormalTexture.uexp" 431
"../../../Engine/Plugins/Runtime/OpenXR/Content/Devices/MicrosoftMixedReality/NormalTexture.ubulk" 432
"../../../Engine/Plugins/Runtime/OpenXR/Content/Devices/MicrosoftMixedReality/MRTexture.uasset" 433
"../../../Engine/Plugins/Runtime/OpenXR/Content/Devices/MicrosoftMixedReality/MRTexture.uexp" 434
"../../../Engine/Plugins/Runtime/OpenXR/Content/Devices/MicrosoftMixedReality/MRTexture.ubulk" 435
"../../../Engine/Plugins/Runtime/OpenXR/Content/Devices/MicrosoftMixedReality/EmissiveTexture.uasset" 436
"../../../Engine/Plugins/Runtime/OpenXR/Content/Devices/MicrosoftMixedReality/EmissiveTexture.uexp" 437
"../../../Engine/Plugins/Runtime/OpenXR/Content/Devices/MicrosoftMixedReality/EmissiveTexture.ubulk" 438
"../../../Engine/Plugins/Runtime/OpenXR/Content/Devices/MicrosoftMixedReality/BaseTexture.uasset" 439
"../../../Engine/Plugins/Runtime/OpenXR/Content/Devices/MicrosoftMixedReality/BaseTexture.uexp" 440
"../../../Engine/Plugins/Runtime/OpenXR/Content/Devices/MicrosoftMixedReality/BaseTexture.ubulk" 441
"../../../Engine/Plugins/Runtime/OpenXR/Content/Devices/MicrosoftMixedReality/MI_MicrosoftMixedReality.uasset" 442
"../../../Engine/Plugins/Runtime/OpenXR/Content/Devices/MicrosoftMixedReality/MI_MicrosoftMixedReality.uexp" 443
"../../../Engine/Plugins/Runtime/OpenXR/Content/Devices/MicrosoftMixedReality/Left/left_MicrosoftMixedRealityController.uasset" 444
"../../../Engine/Plugins/Runtime/OpenXR/Content/Devices/MicrosoftMixedReality/Left/left_MicrosoftMixedRealityController.uexp" 445
"../../../Engine/Plugins/Runtime/OpenXR/Content/Devices/MicrosoftMixedReality/Right/right_MicrosoftMixedRealityController.uasset" 446
"../../../Engine/Plugins/Runtime/OpenXR/Content/Devices/MicrosoftMixedReality/Right/right_MicrosoftMixedRealityController.uexp" 447
"../../../Engine/Plugins/Runtime/OpenXR/Content/Devices/OculusGo/BaseTexture.uasset" 448
"../../../Engine/Plugins/Runtime/OpenXR/Content/Devices/OculusGo/BaseTexture.uexp" 449
"../../../Engine/Plugins/Runtime/OpenXR/Content/Devices/OculusGo/BaseTexture.ubulk" 450
"../../../Engine/Plugins/Runtime/OpenXR/Content/Devices/OculusGo/MI_OculusGo.uasset" 451
"../../../Engine/Plugins/Runtime/OpenXR/Content/Devices/OculusGo/MI_OculusGo.uexp" 452
"../../../Engine/Plugins/Runtime/OpenXR/Content/Devices/OculusGo/OculusGoController.uasset" 453
"../../../Engine/Plugins/Runtime/OpenXR/Content/Devices/OculusGo/OculusGoController.uexp" 454
"../../../Engine/Plugins/Runtime/OpenXR/Content/Devices/OculusTouch/MRTexture.uasset" 455
"../../../Engine/Plugins/Runtime/OpenXR/Content/Devices/OculusTouch/MRTexture.uexp" 456
"../../../Engine/Plugins/Runtime/OpenXR/Content/Devices/OculusTouch/MRTexture.ubulk" 457
"../../../Engine/Plugins/Runtime/OpenXR/Content/Devices/OculusTouch/BaseTexture.uasset" 458
"../../../Engine/Plugins/Runtime/OpenXR/Content/Devices/OculusTouch/BaseTexture.uexp" 459
"../../../Engine/Plugins/Runtime/OpenXR/Content/Devices/OculusTouch/BaseTexture.ubulk" 460
"../../../Engine/Plugins/Runtime/OpenXR/Content/Devices/OculusTouch/MI_OculusTouch.uasset" 461
"../../../Engine/Plugins/Runtime/OpenXR/Content/Devices/OculusTouch/MI_OculusTouch.uexp" 462
"../../../Engine/Plugins/Runtime/OpenXR/Content/Devices/OculusTouch/Left/left_OculusTouchController.uasset" 463
"../../../Engine/Plugins/Runtime/OpenXR/Content/Devices/OculusTouch/Left/left_OculusTouchController.uexp" 464
"../../../Engine/Plugins/Runtime/OpenXR/Content/Devices/OculusTouch/Right/right_OculusTouchController.uasset" 465
"../../../Engine/Plugins/Runtime/OpenXR/Content/Devices/OculusTouch/Right/right_OculusTouchController.uexp" 466
"../../../Engine/Plugins/Runtime/OpenXR/Content/Devices/OculusTouch_v2/BaseTexture.uasset" 467
"../../../Engine/Plugins/Runtime/OpenXR/Content/Devices/OculusTouch_v2/BaseTexture.uexp" 468
"../../../Engine/Plugins/Runtime/OpenXR/Content/Devices/OculusTouch_v2/BaseTexture.ubulk" 469
"../../../Engine/Plugins/Runtime/OpenXR/Content/Devices/OculusTouch_v2/MRTexture.uasset" 470
"../../../Engine/Plugins/Runtime/OpenXR/Content/Devices/OculusTouch_v2/MRTexture.uexp" 471
"../../../Engine/Plugins/Runtime/OpenXR/Content/Devices/OculusTouch_v2/MRTexture.ubulk" 472
"../../../Engine/Plugins/Runtime/OpenXR/Content/Devices/OculusTouch_v2/MI_OculusTouch_v2.uasset" 473
"../../../Engine/Plugins/Runtime/OpenXR/Content/Devices/OculusTouch_v2/MI_OculusTouch_v2.uexp" 474
"../../../Engine/Plugins/Runtime/OpenXR/Content/Devices/OculusTouch_v2/Left/left_OculusTouch_v2Controller.uasset" 475
"../../../Engine/Plugins/Runtime/OpenXR/Content/Devices/OculusTouch_v2/Left/left_OculusTouch_v2Controller.uexp" 476
"../../../Engine/Plugins/Runtime/OpenXR/Content/Devices/OculusTouch_v2/Right/right_OculusTouch_v2Controller.uasset" 477
"../../../Engine/Plugins/Runtime/OpenXR/Content/Devices/OculusTouch_v2/Right/right_OculusTouch_v2Controller.uexp" 478
"../../../Engine/Plugins/Runtime/OpenXR/Content/Devices/OculusTouch_v3/MRTexture.uasset" 479
"../../../Engine/Plugins/Runtime/OpenXR/Content/Devices/OculusTouch_v3/MRTexture.uexp" 480
"../../../Engine/Plugins/Runtime/OpenXR/Content/Devices/OculusTouch_v3/MRTexture.ubulk" 481
"../../../Engine/Plugins/Runtime/OpenXR/Content/Devices/OculusTouch_v3/BaseTexture.uasset" 482
"../../../Engine/Plugins/Runtime/OpenXR/Content/Devices/OculusTouch_v3/BaseTexture.uexp" 483
"../../../Engine/Plugins/Runtime/OpenXR/Content/Devices/OculusTouch_v3/BaseTexture.ubulk" 484
"../../../Engine/Plugins/Runtime/OpenXR/Content/Devices/OculusTouch_v3/MI_OculusTouch_v3.uasset" 485
"../../../Engine/Plugins/Runtime/OpenXR/Content/Devices/OculusTouch_v3/MI_OculusTouch_v3.uexp" 486
"../../../Engine/Plugins/Runtime/OpenXR/Content/Devices/OculusTouch_v3/Left/left_OculusTouch_v3Controller.uasset" 487
"../../../Engine/Plugins/Runtime/OpenXR/Content/Devices/OculusTouch_v3/Left/left_OculusTouch_v3Controller.uexp" 488
"../../../Engine/Plugins/Runtime/OpenXR/Content/Devices/OculusTouch_v3/Right/right_OculusTouch_v3Controller.uasset" 489
"../../../Engine/Plugins/Runtime/OpenXR/Content/Devices/OculusTouch_v3/Right/right_OculusTouch_v3Controller.uexp" 490
"../../../Engine/Plugins/Runtime/OpenXR/Content/Devices/ValveIndex/MRTexture.uasset" 491
"../../../Engine/Plugins/Runtime/OpenXR/Content/Devices/ValveIndex/MRTexture.uexp" 492
"../../../Engine/Plugins/Runtime/OpenXR/Content/Devices/ValveIndex/MRTexture.ubulk" 493
"../../../Engine/Plugins/Runtime/OpenXR/Content/Devices/ValveIndex/BaseTexture.uasset" 494
"../../../Engine/Plugins/Runtime/OpenXR/Content/Devices/ValveIndex/BaseTexture.uexp" 495
"../../../Engine/Plugins/Runtime/OpenXR/Content/Devices/ValveIndex/BaseTexture.ubulk" 496
"../../../Engine/Plugins/Runtime/OpenXR/Content/Devices/ValveIndex/Left/MI_left_ValveIndex.uasset" 497
"../../../Engine/Plugins/Runtime/OpenXR/Content/Devices/ValveIndex/Left/MI_left_ValveIndex.uexp" 498
"../../../Engine/Plugins/Runtime/OpenXR/Content/Devices/ValveIndex/Left/left_ValveIndexController.uasset" 499
"../../../Engine/Plugins/Runtime/OpenXR/Content/Devices/ValveIndex/Left/left_ValveIndexController.uexp" 500
"../../../Engine/Plugins/Runtime/OpenXR/Content/Devices/ValveIndex/Right/MI_right_ValveIndex.uasset" 501
"../../../Engine/Plugins/Runtime/OpenXR/Content/Devices/ValveIndex/Right/MI_right_ValveIndex.uexp" 502
"../../../Engine/Plugins/Runtime/OpenXR/Content/Devices/ValveIndex/Right/right_ValveIndexController.uasset" 503
"../../../Engine/Plugins/Runtime/OpenXR/Content/Devices/ValveIndex/Right/right_ValveIndexController.uexp" 504
"../../../Engine/Content/Functions/Engine_MaterialFunctions02/Utility/BreakOutFloat4Components.uasset" 505
"../../../Engine/Content/Functions/Engine_MaterialFunctions02/Utility/BreakOutFloat4Components.uexp" 506
"../../../Engine/Content/Functions/Engine_MaterialFunctions02/Utility/MakeFloat3.uasset" 507
"../../../Engine/Content/Functions/Engine_MaterialFunctions02/Utility/MakeFloat3.uexp" 508
"../../../Engine/Plugins/Runtime/Oculus/OculusVR/Content/Materials/OculusMR_ChromaKey.uasset" 509
"../../../Engine/Plugins/Runtime/Oculus/OculusVR/Content/Materials/OculusMR_ChromaKey.uexp" 510
"../../../Engine/Plugins/Runtime/Oculus/OculusVR/Content/Materials/OculusMR_OpaqueColoredMaterial.uasset" 511
"../../../Engine/Plugins/Runtime/Oculus/OculusVR/Content/Materials/OculusMR_OpaqueColoredMaterial.uexp" 512
"../../../Engine/Plugins/Runtime/Oculus/OculusVR/Content/Materials/PokeAHoleMaterial.uasset" 513
"../../../Engine/Plugins/Runtime/Oculus/OculusVR/Content/Materials/PokeAHoleMaterial.uexp" 514
"../../../Engine/Plugins/Runtime/Oculus/OculusVR/Content/Textures/touchController_controlmap.uasset" 515
"../../../Engine/Plugins/Runtime/Oculus/OculusVR/Content/Textures/touchController_controlmap.uexp" 516
"../../../Engine/Plugins/Runtime/Oculus/OculusVR/Content/Textures/touchController_controlmap.ubulk" 517
"../../../Engine/Plugins/Runtime/Oculus/OculusVR/Content/Textures/touchController_albedo.uasset" 518
"../../../Engine/Plugins/Runtime/Oculus/OculusVR/Content/Textures/touchController_albedo.uexp" 519
"../../../Engine/Plugins/Runtime/Oculus/OculusVR/Content/Textures/touchController_albedo.ubulk" 520
"../../../Engine/Plugins/Runtime/Oculus/OculusVR/Content/Materials/touchController_mat.uasset" 521
"../../../Engine/Plugins/Runtime/Oculus/OculusVR/Content/Materials/touchController_mat.uexp" 522
"../../../Engine/Plugins/Runtime/Oculus/OculusVR/Content/Meshes/LeftTouchController.uasset" 523
"../../../Engine/Plugins/Runtime/Oculus/OculusVR/Content/Meshes/LeftTouchController.uexp" 524
"../../../Engine/Plugins/Runtime/Oculus/OculusVR/Content/Textures/TouchForQuestRiftSController_albedo.uasset" 525
"../../../Engine/Plugins/Runtime/Oculus/OculusVR/Content/Textures/TouchForQuestRiftSController_albedo.uexp" 526
"../../../Engine/Plugins/Runtime/Oculus/OculusVR/Content/Textures/TouchForQuestRiftSController_albedo.ubulk" 527
"../../../Engine/Plugins/Runtime/Oculus/OculusVR/Content/Materials/TouchForQuestRiftSControllerMaterial.uasset" 528
"../../../Engine/Plugins/Runtime/Oculus/OculusVR/Content/Materials/TouchForQuestRiftSControllerMaterial.uexp" 529
"../../../Engine/Plugins/Runtime/Oculus/OculusVR/Content/Meshes/LeftTouchForQuestRiftSController.uasset" 530
"../../../Engine/Plugins/Runtime/Oculus/OculusVR/Content/Meshes/LeftTouchForQuestRiftSController.uexp" 531
"../../../Engine/Plugins/Runtime/Oculus/OculusVR/Content/Meshes/RiftHMD.uasset" 532
"../../../Engine/Plugins/Runtime/Oculus/OculusVR/Content/Meshes/RiftHMD.uexp" 533
"../../../Engine/Plugins/Runtime/Oculus/OculusVR/Content/Meshes/RightTouchController.uasset" 534
"../../../Engine/Plugins/Runtime/Oculus/OculusVR/Content/Meshes/RightTouchController.uexp" 535
"../../../Engine/Plugins/Runtime/Oculus/OculusVR/Content/Meshes/RightTouchForQuestRiftSController.uasset" 536
"../../../Engine/Plugins/Runtime/Oculus/OculusVR/Content/Meshes/RightTouchForQuestRiftSController.uexp" 537
"../../../Engine/Content/EngineSky/T_Sky_Stars.uasset" 538
"../../../Engine/Content/EngineSky/T_Sky_Stars.uexp" 539
"../../../Engine/Content/EngineSky/T_Sky_Stars.ubulk" 540
"../../../Engine/Content/EngineSky/T_Sky_Clouds_M.uasset" 541
"../../../Engine/Content/EngineSky/T_Sky_Clouds_M.uexp" 542
"../../../Engine/Content/EngineSky/T_Sky_Clouds_M.ubulk" 543
"../../../Engine/Content/EngineSky/T_Sky_Blue.uasset" 544
"../../../Engine/Content/EngineSky/T_Sky_Blue.uexp" 545
"../../../Engine/Content/EngineSky/T_Sky_Blue.ubulk" 546
"../../../Engine/Content/EngineSky/M_Sky_Panning_Clouds2.uasset" 547
"../../../Engine/Content/EngineSky/M_Sky_Panning_Clouds2.uexp" 548
"C:/Users/nerot/git.repo/Unreal Projects/SnakeGame/homewrok20/Content/Main_BuiltData.uasset" 549
"C:/Users/nerot/git.repo/Unreal Projects/SnakeGame/homewrok20/Content/Main_BuiltData.uexp" 550
"C:/Users/nerot/git.repo/Unreal Projects/SnakeGame/homewrok20/Content/Main_BuiltData.ubulk" 551
"../../../Engine/Content/EngineSky/SM_SkySphere.uasset" 552
"../../../Engine/Content/EngineSky/SM_SkySphere.uexp" 553
"../../../Engine/Content/EngineSky/C_Sky_Zenith_Color.uasset" 554
"../../../Engine/Content/EngineSky/C_Sky_Zenith_Color.uexp" 555
"../../../Engine/Content/EngineSky/C_Sky_Horizon_Color.uasset" 556
"../../../Engine/Content/EngineSky/C_Sky_Horizon_Color.uexp" 557
"../../../Engine/Content/EngineSky/C_Sky_Cloud_Color.uasset" 558
"../../../Engine/Content/EngineSky/C_Sky_Cloud_Color.uexp" 559
"../../../Engine/Content/EditorBlueprintResources/StandardMacros.uasset" 560
"../../../Engine/Content/EditorBlueprintResources/StandardMacros.uexp" 561
"../../../Engine/Content/EngineSky/BP_Sky_Sphere.uasset" 562
"../../../Engine/Content/EngineSky/BP_Sky_Sphere.uexp" 563
"C:/Users/nerot/git.repo/Unreal Projects/SnakeGame/homewrok20/Content/WBP_Stats.uasset" 564
"C:/Users/nerot/git.repo/Unreal Projects/SnakeGame/homewrok20/Content/WBP_Stats.uexp" 565
"C:/Users/nerot/git.repo/Unreal Projects/SnakeGame/homewrok20/Content/WBP_GameStart.uasset" 566
"C:/Users/nerot/git.repo/Unreal Projects/SnakeGame/homewrok20/Content/WBP_GameStart.uexp" 567
"C:/Users/nerot/git.repo/Unreal Projects/SnakeGame/homewrok20/Content/WBP_GameOver.uasset" 568
"C:/Users/nerot/git.repo/Unreal Projects/SnakeGame/homewrok20/Content/WBP_GameOver.uexp" 569
"../../../Engine/Content/VREditor/Sounds/UI/Object_PickUp.uasset" 570
"../../../Engine/Content/VREditor/Sounds/UI/Object_PickUp.uexp" 571
"../../../Engine/Content/BasicShapes/Sphere.uasset" 572
"../../../Engine/Content/BasicShapes/Sphere.uexp" 573
"../../../Engine/Content/VREditor/UI/ArrowMaterial.uasset" 574
"../../../Engine/Content/VREditor/UI/ArrowMaterial.uexp" 575
"../../../Engine/Content/EditorMaterials/WidgetMaterial_Current.uasset" 576
"../../../Engine/Content/EditorMaterials/WidgetMaterial_Current.uexp" 577
"C:/Users/nerot/git.repo/Unreal Projects/SnakeGame/homewrok20/Content/FoodBP.uasset" 578
"C:/Users/nerot/git.repo/Unreal Projects/SnakeGame/homewrok20/Content/FoodBP.uexp" 579
"../../../Engine/Content/EngineDebugMaterials/ClothMaterial.uasset" 580
"../../../Engine/Content/EngineDebugMaterials/ClothMaterial.uexp" 581
"C:/Users/nerot/git.repo/Unreal Projects/SnakeGame/homewrok20/Content/BP_ObstacleBlock.uasset" 582
"C:/Users/nerot/git.repo/Unreal Projects/SnakeGame/homewrok20/Content/BP_ObstacleBlock.uexp" 583
"../../../Engine/Content/EngineDebugMaterials/BlackUnlitMaterial.uasset" 584
"../../../Engine/Content/EngineDebugMaterials/BlackUnlitMaterial.uexp" 585
"../../../Engine/Content/EngineMaterials/Grid.uasset" 586
"../../../Engine/Content/EngineMaterials/Grid.uexp" 587
"../../../Engine/Content/EngineMaterials/Grid.ubulk" 588
"../../../Engine/Content/EditorResources/TilePatine_N.uasset" 589
"../../../Engine/Content/EditorResources/TilePatine_N.uexp" 590
"../../../Engine/Content/EditorResources/TilePatine_N.ubulk" 591
"../../../Engine/Content/EditorResources/TilePatine_D.uasset" 592
"../../../Engine/Content/EditorResources/TilePatine_D.uexp" 593
"../../../Engine/Content/EditorResources/TilePatine_D.ubulk" 594
"../../../Engine/Content/EditorMaterials/AntialiasedGridFloor.uasset" 595
"../../../Engine/Content/EditorMaterials/AntialiasedGridFloor.uexp" 596
"../../../Engine/Content/EditorMaterials/PersonaFloorMat.uasset" 597
"../../../Engine/Content/EditorMaterials/PersonaFloorMat.uexp" 598
"C:/Users/nerot/git.repo/Unreal Projects/SnakeGame/homewrok20/Content/BP_FloorBlock.uasset" 599
"C:/Users/nerot/git.repo/Unreal Projects/SnakeGame/homewrok20/Content/BP_FloorBlock.uexp" 600
"C:/Users/nerot/git.repo/Unreal Projects/SnakeGame/homewrok20/Content/BP_Floor.uasset" 601
"C:/Users/nerot/git.repo/Unreal Projects/SnakeGame/homewrok20/Content/BP_Floor.uexp" 602
"C:/Users/nerot/git.repo/Unreal Projects/SnakeGame/homewrok20/Content/Main.uexp" 603
"C:/Users/nerot/git.repo/Unreal Projects/SnakeGame/homewrok20/Content/Main.umap" 604
"../../../Engine/Content/Maps/Entry_BuiltData.uasset" 605
"../../../Engine/Content/Maps/Entry_BuiltData.uexp" 606
"../../../Engine/Content/Maps/Entry.uexp" 607
"../../../Engine/Content/Maps/Entry.umap" 608
